<?xml version="1.0" encoding="UTF-8"?>
<!-- Generated by org.testng.reporters.JUnitXMLReporter -->
<testsuite ignored="0" hostname="kuljeet-pc" failures="0" tests="4" name="TestNG" time="66.344" errors="0" timestamp="2023-06-21T23:49:32 EDT">
  <testcase classname="testLayer.LoginTest" name="title" time="0.029"/>
  <testcase classname="testLayer.LoginTest" name="login" time="8.327"/>
  <testcase classname="testLayer.LoginTest" name="login" time="8.242"/>
  <testcase classname="testLayer.LoginTest" name="login" time="8.228"/>
</testsuite> <!-- TestNG -->
