<?xml version="1.0" encoding="UTF-8"?>
<!-- Generated by org.testng.reporters.JUnitXMLReporter -->
<testsuite ignored="0" hostname="kuljeet-pc" failures="0" tests="4" name="Default test" time="81.865" errors="0" timestamp="2023-06-21T23:40:45 EDT">
  <testcase classname="testLayer.LoginTest" name="title" time="0.028"/>
  <testcase classname="testLayer.LoginTest" name="login" time="8.225"/>
  <testcase classname="testLayer.LoginTest" name="login" time="8.227"/>
  <testcase classname="testLayer.LoginTest" name="login" time="8.294"/>
</testsuite> <!-- Default test -->
